2023-03-20 22:51:58.610 [main] INFO  org.example.Calculator - Called power function with arguments: 2.0 and 3.0
2023-03-20 22:51:58.613 [main] INFO  org.example.Calculator - Returned value from power function: 8.0
2023-03-20 22:51:58.613 [main] INFO  org.example.Calculator - Called power function with arguments: 3.4 and 6.0
2023-03-20 22:51:58.613 [main] INFO  org.example.Calculator - Returned value from power function: 1544.8044159999997
2023-03-20 22:51:58.613 [main] INFO  org.example.Calculator - Called power function with arguments: 9.0 and 2.0
2023-03-20 22:51:58.613 [main] INFO  org.example.Calculator - Returned value from power function: 81.0
2023-03-20 22:51:58.613 [main] INFO  org.example.Calculator - Called power function with arguments: 2.0 and 3.0
2023-03-20 22:51:58.613 [main] INFO  org.example.Calculator - Returned value from power function: 8.0
2023-03-20 22:51:58.613 [main] INFO  org.example.Calculator - Called power function with arguments: 2.0 and 3.0
2023-03-20 22:51:58.613 [main] INFO  org.example.Calculator - Returned value from power function: 8.0
2023-03-20 22:51:58.613 [main] INFO  org.example.Calculator - Called power function with arguments: 2.0 and 5.0
2023-03-20 22:51:58.613 [main] INFO  org.example.Calculator - Returned value from power function: 32.0
2023-03-20 22:51:58.614 [main] INFO  org.example.Calculator - Testing is over
2023-03-20 22:51:58.615 [main] INFO  org.example.Calculator - Called factorial function with argument: 4.0
2023-03-20 22:51:58.615 [main] INFO  org.example.Calculator - Returned value from factorial function: 24.0
2023-03-20 22:51:58.615 [main] INFO  org.example.Calculator - Called factorial function with argument: 10.0
2023-03-20 22:51:58.615 [main] INFO  org.example.Calculator - Returned value from factorial function: 3628800.0
2023-03-20 22:51:58.616 [main] INFO  org.example.Calculator - Called factorial function with argument: 8.0
2023-03-20 22:51:58.616 [main] INFO  org.example.Calculator - Returned value from factorial function: 40320.0
2023-03-20 22:51:58.616 [main] INFO  org.example.Calculator - Called factorial function with argument: 3.0
2023-03-20 22:51:58.616 [main] INFO  org.example.Calculator - Returned value from factorial function: 6.0
2023-03-20 22:51:58.616 [main] INFO  org.example.Calculator - Called factorial function with argument: 9.0
2023-03-20 22:51:58.616 [main] INFO  org.example.Calculator - Returned value from factorial function: 362880.0
2023-03-20 22:51:58.616 [main] INFO  org.example.Calculator - Called factorial function with argument: 8.0
2023-03-20 22:51:58.616 [main] INFO  org.example.Calculator - Returned value from factorial function: 40320.0
2023-03-20 22:51:58.616 [main] INFO  org.example.Calculator - Testing is over
2023-03-20 22:51:58.617 [main] INFO  org.example.Calculator - Called naturalLog function with argument: 14.0
2023-03-20 22:51:58.617 [main] INFO  org.example.Calculator - Returned value from naturalLog function: 2.6390573296152584
2023-03-20 22:51:58.617 [main] INFO  org.example.Calculator - Called naturalLog function with argument: 22.0
2023-03-20 22:51:58.617 [main] INFO  org.example.Calculator - Returned value from naturalLog function: 3.091042453358316
2023-03-20 22:51:58.617 [main] INFO  org.example.Calculator - Called naturalLog function with argument: 304.0
2023-03-20 22:51:58.617 [main] INFO  org.example.Calculator - Returned value from naturalLog function: 5.717027701406222
2023-03-20 22:51:58.617 [main] INFO  org.example.Calculator - Called naturalLog function with argument: 14.0
2023-03-20 22:51:58.617 [main] INFO  org.example.Calculator - Returned value from naturalLog function: 2.6390573296152584
2023-03-20 22:51:58.618 [main] INFO  org.example.Calculator - Called naturalLog function with argument: 22.0
2023-03-20 22:51:58.618 [main] INFO  org.example.Calculator - Returned value from naturalLog function: 3.091042453358316
2023-03-20 22:51:58.618 [main] INFO  org.example.Calculator - Called naturalLog function with argument: 304.0
2023-03-20 22:51:58.618 [main] INFO  org.example.Calculator - Returned value from naturalLog function: 5.717027701406222
2023-03-20 22:51:58.618 [main] INFO  org.example.Calculator - Testing is over
2023-03-20 22:51:58.618 [main] INFO  org.example.Calculator - Called squareRoot function with argument: 4.0
2023-03-20 22:51:58.619 [main] INFO  org.example.Calculator - Returned value from squareRoot function: 2.0
2023-03-20 22:51:58.619 [main] INFO  org.example.Calculator - Called squareRoot function with argument: 55.0
2023-03-20 22:51:58.619 [main] INFO  org.example.Calculator - Returned value from squareRoot function: 7.416198487095663
2023-03-20 22:51:58.619 [main] INFO  org.example.Calculator - Called squareRoot function with argument: 95.0
2023-03-20 22:51:58.619 [main] INFO  org.example.Calculator - Returned value from squareRoot function: 9.746794344808963
2023-03-20 22:51:58.619 [main] INFO  org.example.Calculator - Called squareRoot function with argument: 4.0
2023-03-20 22:51:58.619 [main] INFO  org.example.Calculator - Returned value from squareRoot function: 2.0
2023-03-20 22:51:58.619 [main] INFO  org.example.Calculator - Called squareRoot function with argument: 10.0
2023-03-20 22:51:58.619 [main] INFO  org.example.Calculator - Returned value from squareRoot function: 3.1622776601683795
2023-03-20 22:51:58.619 [main] INFO  org.example.Calculator - Called squareRoot function with argument: 2.0
2023-03-20 22:51:58.619 [main] INFO  org.example.Calculator - Returned value from squareRoot function: 1.4142135623730951
2023-03-20 22:51:58.619 [main] INFO  org.example.Calculator - Testing is over
